# Logfile created on 2014-03-14 22:42:33 -0300 by logger.rb/44203
I, [2014-03-14T22:42:33.600553 #47527]  INFO -- : 0:  dotenv (0.10.0) from /Users/MacBook/.rvm/gems/ruby-2.1.0/specifications/dotenv-0.10.0.gemspec
I, [2014-03-14T22:42:35.802851 #47527]  INFO -- : 0:  multipart-post (2.0.0) from /Users/MacBook/.rvm/gems/ruby-2.1.0/specifications/multipart-post-2.0.0.gemspec
I, [2014-03-14T22:42:39.686416 #47527]  INFO -- : 0:  faraday (0.9.0) from /Users/MacBook/.rvm/gems/ruby-2.1.0/specifications/faraday-0.9.0.gemspec
I, [2014-03-14T22:42:43.051513 #47527]  INFO -- : 0:  thor (0.18.1) from /Users/MacBook/.rvm/gems/ruby-2.1.0/specifications/thor-0.18.1.gemspec
I, [2014-03-14T22:42:46.559500 #47527]  INFO -- : 0:  foreman (0.63.0) from /Users/MacBook/.rvm/gems/ruby-2.1.0/specifications/foreman-0.63.0.gemspec
I, [2014-03-14T22:42:49.336066 #47527]  INFO -- : 0:  gems (0.8.3) from /Users/MacBook/.rvm/gems/ruby-2.1.0/specifications/gems-0.8.3.gemspec
I, [2014-03-14T22:42:56.071679 #47527]  INFO -- : 0:  rack (1.5.2) from /Users/MacBook/.rvm/gems/ruby-2.1.0/specifications/rack-1.5.2.gemspec
I, [2014-03-14T22:42:58.268390 #47527]  INFO -- : 0:  url_mount (0.2.1) from /Users/MacBook/.rvm/gems/ruby-2.1.0/specifications/url_mount-0.2.1.gemspec
I, [2014-03-14T22:43:03.290707 #47527]  INFO -- : 0:  http_router (0.11.1) from /Users/MacBook/.rvm/gems/ruby-2.1.0/specifications/http_router-0.11.1.gemspec
I, [2014-03-14T22:43:07.233118 #47527]  INFO -- : 0:  i18n (0.6.9) from /Users/MacBook/.rvm/gems/ruby-2.1.0/specifications/i18n-0.6.9.gemspec
I, [2014-03-14T22:43:09.089524 #47527]  INFO -- : 0:  ice_nine (0.11.0) from /Users/MacBook/.rvm/gems/ruby-2.1.0/specifications/ice_nine-0.11.0.gemspec
I, [2014-03-14T22:43:09.089951 #47527]  INFO -- : 0:  bundler (1.5.1) from /Users/MacBook/.rvm/gems/ruby-2.1.0@global/specifications/bundler-1.5.1.gemspec
I, [2014-03-14T22:43:11.818656 #47527]  INFO -- : 0:  multi_json (1.9.0) from /Users/MacBook/.rvm/gems/ruby-2.1.0/specifications/multi_json-1.9.0.gemspec
I, [2014-03-14T22:43:14.920383 #47527]  INFO -- : 0:  puma (2.8.1) from /Users/MacBook/.rvm/gems/ruby-2.1.0/specifications/puma-2.8.1.gemspec
I, [2014-03-14T22:43:20.462462 #47527]  INFO -- : 0:  redis (3.0.7) from /Users/MacBook/.rvm/gems/ruby-2.1.0/specifications/redis-3.0.7.gemspec
I, [2014-03-14T22:43:24.280871 #47527]  INFO -- : 0:  redis-namespace (1.4.1) from /Users/MacBook/.rvm/gems/ruby-2.1.0/specifications/redis-namespace-1.4.1.gemspec
I, [2014-03-14T22:43:27.104267 #47527]  INFO -- : 0:  lita (3.0.3) from /Users/MacBook/.rvm/gems/ruby-2.1.0/specifications/lita-3.0.3.gemspec
I, [2014-03-14T22:43:29.088828 #47527]  INFO -- : 0:  lita-console (0.0.4) from /Users/MacBook/.rvm/gems/ruby-2.1.0/specifications/lita-console-0.0.4.gemspec
I, [2014-03-14T22:43:31.247180 #47527]  INFO -- : 0:  mini_portile (0.5.2) from /Users/MacBook/.rvm/gems/ruby-2.1.0/specifications/mini_portile-0.5.2.gemspec
I, [2014-03-14T22:48:13.880520 #47527]  INFO -- : 0:  nokogiri (1.6.1) from /Users/MacBook/.rvm/gems/ruby-2.1.0/specifications/nokogiri-1.6.1.gemspec
I, [2014-03-14T22:48:16.324141 #47527]  INFO -- : 0:  lita-excuses (0.0.6) from /Users/MacBook/.rvm/gems/ruby-2.1.0/specifications/lita-excuses-0.0.6.gemspec
I, [2014-03-14T22:48:18.296945 #47527]  INFO -- : 0:  lita-gems (1.1.0) from /Users/MacBook/.rvm/gems/ruby-2.1.0/specifications/lita-gems-1.1.0.gemspec
I, [2014-03-14T22:48:20.149560 #47527]  INFO -- : 0:  lita-github-commits (0.0.3) from /Users/MacBook/.rvm/gems/ruby-2.1.0/specifications/lita-github-commits-0.0.3.gemspec
I, [2014-03-14T22:48:21.945551 #47527]  INFO -- : 0:  lita-google (0.0.4) from /Users/MacBook/.rvm/gems/ruby-2.1.0/specifications/lita-google-0.0.4.gemspec
I, [2014-03-14T22:48:25.488866 #47527]  INFO -- : 0:  lita-google-images (1.0.4) from /Users/MacBook/.rvm/gems/ruby-2.1.0/specifications/lita-google-images-1.0.4.gemspec
I, [2014-03-14T22:48:27.417598 #47527]  INFO -- : 0:  lita-jenkins (0.0.2) from /Users/MacBook/.rvm/gems/ruby-2.1.0/specifications/lita-jenkins-0.0.2.gemspec
I, [2014-03-14T22:48:30.419544 #47527]  INFO -- : 0:  lita-memegen (1.0.4) from /Users/MacBook/.rvm/gems/ruby-2.1.0/specifications/lita-memegen-1.0.4.gemspec
